[17-Apr-2018 10:19:14 UTC] PHP Fatal error:  Uncaught Error: Class 'WP_CLI\SynopsisValidator' not found in phar:///usr/local/bin/wp/php/WP_CLI/Dispatcher/Subcommand.php:254
Stack trace:
#0 phar:///usr/local/bin/wp/php/WP_CLI/Dispatcher/Subcommand.php(386): WP_CLI\Dispatcher\Subcommand->validate_args(Array, Array, Array)
#1 phar:///usr/local/bin/wp/php/WP_CLI/Runner.php(323): WP_CLI\Dispatcher\Subcommand->invoke(Array, Array, Array)
#2 phar:///usr/local/bin/wp/php/WP_CLI/Runner.php(330): WP_CLI\Runner->run_command(Array, Array)
#3 phar:///usr/local/bin/wp/php/WP_CLI/Runner.php(985): WP_CLI\Runner->_run_command()
#4 phar:///usr/local/bin/wp/php/WP_CLI/Bootstrap/LaunchRunner.php(23): WP_CLI\Runner->start()
#5 phar:///usr/local/bin/wp/php/bootstrap.php(75): WP_CLI\Bootstrap\LaunchRunner->process(Object(WP_CLI\Bootstrap\BootstrapState))
#6 phar:///usr/local/bin/wp/php/wp-cli.php(23): WP_CLI\bootstrap()
#7 phar:///usr/local/bin/wp/php/boot-phar.php(8): include('phar:///usr/loc...')
#8 /usr/local/bin/wp(4): include('phar:///usr/loc...')
#9 {main}
  thrown in phar:///usr/local/bin/wp/php/WP_CLI/Dispatcher/Subcommand.php on line 254
[17-Apr-2018 10:19:14 UTC] PHP Fatal error:  Uncaught Error: Class 'WP_CLI\SynopsisValidator' not found in phar:///usr/local/bin/wp/php/WP_CLI/Dispatcher/Subcommand.php:254
Stack trace:
#0 phar:///usr/local/bin/wp/php/WP_CLI/Dispatcher/Subcommand.php(386): WP_CLI\Dispatcher\Subcommand->validate_args(Array, Array, Array)
#1 phar:///usr/local/bin/wp/php/WP_CLI/Runner.php(323): WP_CLI\Dispatcher\Subcommand->invoke(Array, Array, Array)
#2 phar:///usr/local/bin/wp/php/WP_CLI/Runner.php(330): WP_CLI\Runner->run_command(Array, Array)
#3 phar:///usr/local/bin/wp/php/WP_CLI/Runner.php(985): WP_CLI\Runner->_run_command()
#4 phar:///usr/local/bin/wp/php/WP_CLI/Bootstrap/LaunchRunner.php(23): WP_CLI\Runner->start()
#5 phar:///usr/local/bin/wp/php/bootstrap.php(75): WP_CLI\Bootstrap\LaunchRunner->process(Object(WP_CLI\Bootstrap\BootstrapState))
#6 phar:///usr/local/bin/wp/php/wp-cli.php(23): WP_CLI\bootstrap()
#7 phar:///usr/local/bin/wp/php/boot-phar.php(8): include('phar:///usr/loc...')
#8 /usr/local/bin/wp(4): include('phar:///usr/loc...')
#9 {main}
  thrown in phar:///usr/local/bin/wp/php/WP_CLI/Dispatcher/Subcommand.php on line 254
[19-Apr-2018 08:34:27 UTC] PHP Warning:  An unexpected error occurred. Something may be wrong with WordPress.org or this server&#8217;s configuration. If you continue to have problems, please try the <a href="https://wordpress.org/support/">support forums</a>. (WordPress could not establish a secure connection to WordPress.org. Please contact your server administrator.) in /app/public/wp-admin/includes/translation-install.php on line 65
[19-Apr-2018 09:54:36 UTC] PHP Fatal error:  Uncaught Error: Call to undefined function get_header() in /app/public/wp-content/themes/fictional-university-theme/index.php:2
Stack trace:
#0 {main}
  thrown in /app/public/wp-content/themes/fictional-university-theme/index.php on line 2
[19-Apr-2018 09:58:58 UTC] PHP Fatal error:  Uncaught Error: Call to undefined function get_header() in /app/public/wp-content/themes/fictional-university-theme/index.php:2
Stack trace:
#0 {main}
  thrown in /app/public/wp-content/themes/fictional-university-theme/index.php on line 2
[19-Apr-2018 10:06:59 UTC] PHP Parse error:  syntax error, unexpected '<', expecting end of file in /app/public/wp-content/themes/fictional-university-theme/index.php on line 4
[19-Apr-2018 14:29:35 UTC] PHP Parse error:  syntax error, unexpected ';', expecting ')' in /app/public/wp-content/themes/fictional-university-theme/page.php on line 31
[19-Apr-2018 14:29:44 UTC] PHP Parse error:  syntax error, unexpected ';', expecting ')' in /app/public/wp-content/themes/fictional-university-theme/page.php on line 31
[19-Apr-2018 14:30:01 UTC] PHP Parse error:  syntax error, unexpected ';', expecting ')' in /app/public/wp-content/themes/fictional-university-theme/page.php on line 31
[19-Apr-2018 14:30:04 UTC] PHP Parse error:  syntax error, unexpected ';', expecting ')' in /app/public/wp-content/themes/fictional-university-theme/page.php on line 31
[20-Apr-2018 12:21:29 UTC] PHP Parse error:  syntax error, unexpected 'theme_location' (T_STRING), expecting ')' in /app/public/wp-content/themes/fictional-university-theme/header.php on line 18
[20-Apr-2018 12:22:21 UTC] PHP Parse error:  syntax error, unexpected 'theme_location' (T_STRING), expecting ')' in /app/public/wp-content/themes/fictional-university-theme/header.php on line 18
[20-Apr-2018 12:23:06 UTC] PHP Parse error:  syntax error, unexpected 'theme_location' (T_STRING), expecting ')' in /app/public/wp-content/themes/fictional-university-theme/header.php on line 18
[20-Apr-2018 12:23:08 UTC] PHP Parse error:  syntax error, unexpected 'theme_location' (T_STRING), expecting ')' in /app/public/wp-content/themes/fictional-university-theme/header.php on line 18
[20-Apr-2018 12:23:16 UTC] PHP Parse error:  syntax error, unexpected 'theme_location' (T_STRING), expecting ')' in /app/public/wp-content/themes/fictional-university-theme/header.php on line 18
[20-Apr-2018 12:23:21 UTC] PHP Parse error:  syntax error, unexpected 'theme_location' (T_STRING), expecting ')' in /app/public/wp-content/themes/fictional-university-theme/header.php on line 18
[20-Apr-2018 13:01:26 UTC] PHP Parse error:  syntax error, unexpected 'theme_locale' (T_STRING), expecting ')' in /app/public/wp-content/themes/fictional-university-theme/footer.php on line 18
[20-Apr-2018 13:05:23 UTC] PHP Parse error:  syntax error, unexpected ';' in /app/public/wp-content/themes/fictional-university-theme/header.php on line 18
[20-Apr-2018 13:05:38 UTC] PHP Parse error:  syntax error, unexpected ';' in /app/public/wp-content/themes/fictional-university-theme/header.php on line 18
[20-Apr-2018 13:34:13 UTC] PHP Parse error:  syntax error, unexpected '<' in /app/public/wp-content/themes/fictional-university-theme/index.php on line 17
[20-Apr-2018 13:34:21 UTC] PHP Parse error:  syntax error, unexpected 'the_post' (T_STRING) in /app/public/wp-content/themes/fictional-university-theme/index.php on line 18
[20-Apr-2018 13:34:30 UTC] PHP Parse error:  syntax error, unexpected '.' in /app/public/wp-content/themes/fictional-university-theme/index.php on line 17
[20-Apr-2018 13:37:59 UTC] PHP Parse error:  syntax error, unexpected ')' in /app/public/wp-content/themes/fictional-university-theme/index.php on line 21
[20-Apr-2018 13:38:29 UTC] PHP Parse error:  syntax error, unexpected end of file in /app/public/wp-content/themes/fictional-university-theme/index.php on line 30
[20-Apr-2018 13:39:14 UTC] PHP Parse error:  syntax error, unexpected end of file in /app/public/wp-content/themes/fictional-university-theme/index.php on line 29
[20-Apr-2018 13:39:38 UTC] PHP Parse error:  syntax error, unexpected ';' in /app/public/wp-content/themes/fictional-university-theme/index.php on line 15
[20-Apr-2018 13:39:52 UTC] PHP Parse error:  syntax error, unexpected end of file in /app/public/wp-content/themes/fictional-university-theme/index.php on line 29
[04-May-2018 07:04:08 UTC] PHP Fatal error:  Uncaught Error: Call to undefined function get_header() in /app/public/wp-content/themes/fictional-university-theme/index.php:2
Stack trace:
#0 {main}
  thrown in /app/public/wp-content/themes/fictional-university-theme/index.php on line 2
[04-May-2018 07:58:19 UTC] PHP Fatal error:  Uncaught Error: Call to undefined function get_header() in /app/public/wp-content/themes/fictional-university-theme/index.php:2
Stack trace:
#0 {main}
  thrown in /app/public/wp-content/themes/fictional-university-theme/index.php on line 2
[04-May-2018 11:56:10 UTC] PHP Parse error:  syntax error, unexpected 'the_author' (T_STRING) in /app/public/wp-content/themes/fictional-university-theme/archive.php on line 11
[04-May-2018 11:56:31 UTC] PHP Parse error:  syntax error, unexpected '.' in /app/public/wp-content/themes/fictional-university-theme/archive.php on line 11
[07-May-2018 08:14:34 UTC] PHP Parse error:  syntax error, unexpected '}', expecting ',' or ';' in /app/public/wp-content/themes/fictional-university-theme/header.php on line 22
[07-May-2018 08:14:47 UTC] PHP Parse error:  syntax error, unexpected '}', expecting ',' or ';' in /app/public/wp-content/themes/fictional-university-theme/header.php on line 22
[07-May-2018 08:14:49 UTC] PHP Parse error:  syntax error, unexpected '}', expecting ',' or ';' in /app/public/wp-content/themes/fictional-university-theme/header.php on line 22
[07-May-2018 08:14:53 UTC] PHP Parse error:  syntax error, unexpected '}', expecting ',' or ';' in /app/public/wp-content/themes/fictional-university-theme/header.php on line 22
[07-May-2018 08:23:55 UTC] PHP Parse error:  syntax error, unexpected ';', expecting ')' in /app/public/wp-content/themes/fictional-university-theme/front-page.php on line 50
[07-May-2018 08:38:08 UTC] PHP Parse error:  syntax error, unexpected '/' in /app/public/wp-content/themes/fictional-university-theme/front-page.php on line 70
[07-May-2018 08:38:23 UTC] PHP Fatal error:  Uncaught Error: Undefined constant 'blogs' in /app/public/wp-content/themes/fictional-university-theme/front-page.php:70
Stack trace:
#0 /app/public/wp-includes/template-loader.php(74): include()
#1 /app/public/wp-blog-header.php(19): require_once('/app/public/wp-...')
#2 /app/public/index.php(17): require('/app/public/wp-...')
#3 {main}
  thrown in /app/public/wp-content/themes/fictional-university-theme/front-page.php on line 70
[08-May-2018 10:05:07 UTC] PHP Warning:  An unexpected error occurred. Something may be wrong with WordPress.org or this server&#8217;s configuration. If you continue to have problems, please try the <a href="https://wordpress.org/support/">support forums</a>. (WordPress could not establish a secure connection to WordPress.org. Please contact your server administrator.) in /app/public/wp-admin/includes/translation-install.php on line 65
[08-May-2018 10:22:16 UTC] PHP Fatal error:  Uncaught ArgumentCountError: Too few arguments to function get_post_type_archive_link(), 0 passed in /app/public/wp-content/themes/fictional-university-theme/single-event.php on line 19 and exactly 1 expected in /app/public/wp-includes/link-template.php:1134
Stack trace:
#0 /app/public/wp-content/themes/fictional-university-theme/single-event.php(19): get_post_type_archive_link()
#1 /app/public/wp-includes/template-loader.php(74): include('/app/public/wp-...')
#2 /app/public/wp-blog-header.php(19): require_once('/app/public/wp-...')
#3 /app/public/index.php(17): require('/app/public/wp-...')
#4 {main}
  thrown in /app/public/wp-includes/link-template.php on line 1134
[08-May-2018 10:22:21 UTC] PHP Fatal error:  Uncaught ArgumentCountError: Too few arguments to function get_post_type_archive_link(), 0 passed in /app/public/wp-content/themes/fictional-university-theme/single-event.php on line 19 and exactly 1 expected in /app/public/wp-includes/link-template.php:1134
Stack trace:
#0 /app/public/wp-content/themes/fictional-university-theme/single-event.php(19): get_post_type_archive_link()
#1 /app/public/wp-includes/template-loader.php(74): include('/app/public/wp-...')
#2 /app/public/wp-blog-header.php(19): require_once('/app/public/wp-...')
#3 /app/public/index.php(17): require('/app/public/wp-...')
#4 {main}
  thrown in /app/public/wp-includes/link-template.php on line 1134
[10-May-2018 12:12:05 UTC] PHP Parse error:  syntax error, unexpected '}', expecting ',' or ';' in /app/public/wp-content/themes/fictional-university-theme/front-page.php on line 64
[10-May-2018 12:13:46 UTC] PHP Parse error:  syntax error, unexpected ''excerpt'' (T_CONSTANT_ENCAPSED_STRING), expecting ')' in /app/public/wp-content/mu-plugins/university-post-types.php on line 6
[10-May-2018 12:13:53 UTC] PHP Parse error:  syntax error, unexpected ''excerpts'' (T_CONSTANT_ENCAPSED_STRING), expecting ')' in /app/public/wp-content/mu-plugins/university-post-types.php on line 6
[10-May-2018 12:25:22 UTC] PHP Fatal error:  Uncaught ArgumentCountError: Too few arguments to function get_post_type_archive_link(), 0 passed in /app/public/wp-content/themes/fictional-university-theme/front-page.php on line 43 and exactly 1 expected in /app/public/wp-includes/link-template.php:1134
Stack trace:
#0 /app/public/wp-content/themes/fictional-university-theme/front-page.php(43): get_post_type_archive_link()
#1 /app/public/wp-includes/template-loader.php(74): include('/app/public/wp-...')
#2 /app/public/wp-blog-header.php(19): require_once('/app/public/wp-...')
#3 /app/public/index.php(17): require('/app/public/wp-...')
#4 {main}
  thrown in /app/public/wp-includes/link-template.php on line 1134
[10-May-2018 12:25:31 UTC] PHP Fatal error:  Uncaught ArgumentCountError: Too few arguments to function get_post_type_archive_link(), 0 passed in /app/public/wp-content/themes/fictional-university-theme/front-page.php on line 43 and exactly 1 expected in /app/public/wp-includes/link-template.php:1134
Stack trace:
#0 /app/public/wp-content/themes/fictional-university-theme/front-page.php(43): get_post_type_archive_link()
#1 /app/public/wp-includes/template-loader.php(74): include('/app/public/wp-...')
#2 /app/public/wp-blog-header.php(19): require_once('/app/public/wp-...')
#3 /app/public/index.php(17): require('/app/public/wp-...')
#4 {main}
  thrown in /app/public/wp-includes/link-template.php on line 1134
[10-May-2018 12:29:42 UTC] PHP Parse error:  syntax error, unexpected '}', expecting ',' or ';' in /app/public/wp-content/themes/fictional-university-theme/header.php on line 20
[10-May-2018 12:29:55 UTC] PHP Parse error:  syntax error, unexpected '}', expecting ',' or ';' in /app/public/wp-content/themes/fictional-university-theme/header.php on line 20
[10-May-2018 13:02:05 UTC] PHP Warning:  An unexpected error occurred. Something may be wrong with WordPress.org or this server&#8217;s configuration. If you continue to have problems, please try the <a href="https://wordpress.org/support/">support forums</a>. (WordPress could not establish a secure connection to WordPress.org. Please contact your server administrator.) in /app/public/wp-admin/includes/plugin-install.php on line 168
[10-May-2018 13:03:12 UTC] PHP Warning:  An unexpected error occurred. Something may be wrong with WordPress.org or this server&#8217;s configuration. If you continue to have problems, please try the <a href="https://wordpress.org/support/">support forums</a>. (WordPress could not establish a secure connection to WordPress.org. Please contact your server administrator.) in /app/public/wp-admin/includes/plugin-install.php on line 168
[10-May-2018 13:06:56 UTC] PHP Warning:  An unexpected error occurred. Something may be wrong with WordPress.org or this server&#8217;s configuration. If you continue to have problems, please try the <a href="https://wordpress.org/support/">support forums</a>. (WordPress could not establish a secure connection to WordPress.org. Please contact your server administrator.) in /app/public/wp-admin/includes/plugin-install.php on line 168
[10-May-2018 13:07:14 UTC] PHP Warning:  An unexpected error occurred. Something may be wrong with WordPress.org or this server&#8217;s configuration. If you continue to have problems, please try the <a href="https://wordpress.org/support/">support forums</a>. (WordPress could not establish a secure connection to WordPress.org. Please contact your server administrator.) in /app/public/wp-admin/includes/plugin-install.php on line 168
[10-May-2018 13:09:48 UTC] PHP Warning:  An unexpected error occurred. Something may be wrong with WordPress.org or this server&#8217;s configuration. If you continue to have problems, please try the <a href="https://wordpress.org/support/">support forums</a>. (WordPress could not establish a secure connection to WordPress.org. Please contact your server administrator.) in /app/public/wp-admin/includes/plugin-install.php on line 168
[10-May-2018 13:10:04 UTC] PHP Warning:  An unexpected error occurred. Something may be wrong with WordPress.org or this server&#8217;s configuration. If you continue to have problems, please try the <a href="https://wordpress.org/support/">support forums</a>. (WordPress could not establish a secure connection to WordPress.org. Please contact your server administrator.) in /app/public/wp-admin/includes/plugin-install.php on line 168
[10-May-2018 13:11:33 UTC] PHP Warning:  An unexpected error occurred. Something may be wrong with WordPress.org or this server&#8217;s configuration. If you continue to have problems, please try the <a href="https://wordpress.org/support/">support forums</a>. (WordPress could not establish a secure connection to WordPress.org. Please contact your server administrator.) in /app/public/wp-admin/includes/plugin-install.php on line 168
[10-May-2018 14:05:27 UTC] PHP Parse error:  syntax error, unexpected ''$query'' (T_CONSTANT_ENCAPSED_STRING), expecting variable (T_VARIABLE) in /app/public/wp-content/themes/fictional-university-theme/functions.php on line 19
[10-May-2018 14:05:53 UTC] PHP Parse error:  syntax error, unexpected ''$query'' (T_CONSTANT_ENCAPSED_STRING), expecting variable (T_VARIABLE) in /app/public/wp-content/themes/fictional-university-theme/functions.php on line 19
[10-May-2018 14:08:44 UTC] PHP Parse error:  syntax error, unexpected ';' in /app/public/wp-content/themes/fictional-university-theme/functions.php on line 20
