[17-Apr-2018 10:18:50] NOTICE: fpm is running, pid 14
[17-Apr-2018 10:18:50] NOTICE: ready to handle connections
[17-Apr-2018 13:38:31] NOTICE: Terminating ...
[17-Apr-2018 13:38:31] NOTICE: exiting, bye-bye!
[17-Apr-2018 13:41:11] NOTICE: fpm is running, pid 31
[17-Apr-2018 13:41:11] NOTICE: ready to handle connections
[17-Apr-2018 13:42:27] NOTICE: Terminating ...
[17-Apr-2018 13:42:27] NOTICE: exiting, bye-bye!
[18-Apr-2018 10:56:39] NOTICE: fpm is running, pid 25
[18-Apr-2018 10:56:39] NOTICE: ready to handle connections
[19-Apr-2018 07:29:17] NOTICE: fpm is running, pid 8
[19-Apr-2018 07:29:17] NOTICE: ready to handle connections
[20-Apr-2018 11:45:58] NOTICE: fpm is running, pid 8
[20-Apr-2018 11:45:58] NOTICE: ready to handle connections
[20-Apr-2018 14:10:02] NOTICE: Terminating ...
[20-Apr-2018 14:10:02] NOTICE: exiting, bye-bye!
[23-Apr-2018 07:18:00] NOTICE: fpm is running, pid 25
[23-Apr-2018 07:18:00] NOTICE: ready to handle connections
[24-Apr-2018 06:42:22] NOTICE: fpm is running, pid 8
[24-Apr-2018 06:42:22] NOTICE: ready to handle connections
[24-Apr-2018 13:35:28] NOTICE: Terminating ...
[24-Apr-2018 13:35:28] NOTICE: exiting, bye-bye!
[04-May-2018 06:49:49] NOTICE: fpm is running, pid 25
[04-May-2018 06:49:49] NOTICE: ready to handle connections
[04-May-2018 06:59:39] NOTICE: Terminating ...
[04-May-2018 06:59:39] NOTICE: exiting, bye-bye!
[04-May-2018 06:59:44] NOTICE: fpm is running, pid 26
[04-May-2018 06:59:44] NOTICE: ready to handle connections
[04-May-2018 07:06:32] NOTICE: Terminating ...
[04-May-2018 07:06:32] NOTICE: exiting, bye-bye!
[04-May-2018 07:56:21] NOTICE: fpm is running, pid 25
[04-May-2018 07:56:21] NOTICE: ready to handle connections
[04-May-2018 14:34:49] NOTICE: Terminating ...
[04-May-2018 14:34:49] NOTICE: exiting, bye-bye!
[07-May-2018 08:11:31] NOTICE: fpm is running, pid 25
[07-May-2018 08:11:31] NOTICE: ready to handle connections
[08-May-2018 09:31:58] NOTICE: fpm is running, pid 8
[08-May-2018 09:31:58] NOTICE: ready to handle connections
